JS Script executed for IOData
Average[ms]: 0, Deviation[ms]: 0, Min[ms]: 0, Max[ms]: 0, Executions: 0
Script:
if (!(address.startsWith("E") || address.startsWith("I")))
{
    address = ioName = dbName = variable = comment = "";
    return;
}
JSON.banana();
if (!(ioName.startsWith("E") || ioName.startsWith("I")))
{ 
    address = ioName = dbName = variable = comment = "";
    return;
}

address = address.replace("E", "I"); 
//ioName  = ioName.replace("E", "I");
============================================= ^^^^^ 02/05/2024 08:29:48 378[ms] ^^^^^ =============================================
JS Script executed for IOData
Average[ms]: 0, Deviation[ms]: 0, Min[ms]: 0, Max[ms]: 0, Executions: 0
Script:
if (!(address.startsWith("E") || address.startsWith("I")))
{
    address = ioName = dbName = variable = comment = "";
    return;
}
JSON.banana();
if (!(ioName.startsWith("E") || ioName.startsWith("I")))
{ 
    address = ioName = dbName = variable = comment = "";
    return;
}

address = address.replace("E", "I"); 
//ioName  = ioName.replace("E", "I");
============================================= ^^^^^ 02/05/2024 08:30:39 411[ms] ^^^^^ =============================================
JS Script executed for IOData
Average[ms]: 8,24588461538462, Deviation[ms]: 28,5023458863638, Min[ms]: 0,0136, Max[ms]: 106,9809, Executions: 13
Script:
if (!(address.startsWith("E") || address.startsWith("I")))
{
    address = ioName = dbName = variable = comment = "";
    return;
}
JSON.banana();
if (!(ioName.startsWith("E") || ioName.startsWith("I")))
{ 
    address = ioName = dbName = variable = comment = "";
    return;
}

address = address.replace("E", "I"); 
//ioName  = ioName.replace("E", "I");
============================================= ^^^^^ 02/05/2024 08:30:52 280[ms] ^^^^^ =============================================
JS Script executed for IOData
Average[ms]: 0, Deviation[ms]: 0, Min[ms]: 0, Max[ms]: 0, Executions: 0
Script:
if (!(address.startsWith("E") || address.startsWith("I")))
{
    address = ioName = dbName = variable = comment = "";
    return;
}

if (!(ioName.startsWith("E") || ioName.startsWith("I")))
{ 
    address = ioName = dbName = variable = comment = "";
    return;
}

address = address.replace("E", "I"); 
//ioName  = ioName.replace("E", "I");
============================================= ^^^^^ 02/05/2024 08:31:48 005[ms] ^^^^^ =============================================
JS Script executed for IOGenerationExcelImportForm
Average[ms]: 1,77505571428572, Deviation[ms]: 14,6976388228142, Min[ms]: 0,0033, Max[ms]: 123,8628, Executions: 70
Script:
$A != ""
============================================= ^^^^^ 02/05/2024 11:15:18 584[ms] ^^^^^ =============================================
JS Script executed for IOGenerationExcelImportForm
Average[ms]: 0,0036324607329843, Deviation[ms]: 0,00151444829250029, Min[ms]: 0,0031, Max[ms]: 0,0326, Executions: 382
Script:
$A != ""
============================================= ^^^^^ 02/05/2024 11:15:25 990[ms] ^^^^^ =============================================
JS Script executed for IOData
Average[ms]: 0,213555882352942, Deviation[ms]: 3,27776831913666, Min[ms]: 0,0131, Max[ms]: 54,1724, Executions: 272
Script:
address = address.replace("E", "I"); 
address = address.replace("A", "Q"); 
ioName  = ioName.replace("E", "I");
ioName  = ioName.replace("A", "Q");
============================================= ^^^^^ 02/05/2024 11:16:56 495[ms] ^^^^^ =============================================
JS Script executed for IOGenerationExcelImportForm
Average[ms]: 0,00584162303664924, Deviation[ms]: 0,0413602418102378, Min[ms]: 0,0032, Max[ms]: 0,8127, Executions: 382
Script:
$A != ""
============================================= ^^^^^ 02/05/2024 11:19:04 851[ms] ^^^^^ =============================================
JS Script executed for IOData
Average[ms]: 0,0173977941176471, Deviation[ms]: 0,0151830399135495, Min[ms]: 0,013, Max[ms]: 0,2229, Executions: 272
Script:
address = address.replace("E", "I"); 
address = address.replace("A", "Q"); 
ioName  = ioName.replace("E", "I");
ioName  = ioName.replace("A", "Q");
============================================= ^^^^^ 02/05/2024 11:19:49 532[ms] ^^^^^ =============================================
JS Script executed for IOData
Average[ms]: 0,0122231617647059, Deviation[ms]: 0,00454652585566004, Min[ms]: 0,0109, Max[ms]: 0,0764, Executions: 272
Script:
address = address.replace("E", "I"); 
address = address.replace("A", "Q"); 
//ioName  = ioName.replace("E", "I");
//ioName  = ioName.replace("A", "Q");
============================================= ^^^^^ 02/05/2024 11:19:58 103[ms] ^^^^^ =============================================
JS Script executed for IOData
Average[ms]: 0,0257117647058823, Deviation[ms]: 0,0150495654560265, Min[ms]: 0,013, Max[ms]: 0,1229, Executions: 272
Script:
address = address.replace("E", "I"); 
address = address.replace("A", "Q"); 
//ioName  = ioName.replace("E", "I");
//ioName  = ioName.replace("A", "Q");

if (comment.toLowerCase().includes("scorta"))
{
    ioName = "CUL";
    //ioName = address.replace(".", "_") + "_" + SCORTA;
}
============================================= ^^^^^ 02/05/2024 11:25:12 923[ms] ^^^^^ =============================================
JS Script executed for IOData
Average[ms]: 0,0142716911764706, Deviation[ms]: 0,00433231361486783, Min[ms]: 0,0126, Max[ms]: 0,0765, Executions: 272
Script:
address = address.replace("E", "I"); 
address = address.replace("A", "Q"); 
//ioName  = ioName.replace("E", "I");
//ioName  = ioName.replace("A", "Q");

if (comment.toLowerCase().includes("scorta"))
{
    ioName = address.replace(".", "_") + "_" + "SCORTA";
}
============================================= ^^^^^ 02/05/2024 11:25:49 842[ms] ^^^^^ =============================================
JS Script executed for IOData
Average[ms]: 0,0437669117647058, Deviation[ms]: 0,267846646767475, Min[ms]: 0,0139, Max[ms]: 4,4467, Executions: 272
Script:
address = address.replace("E", "I"); 
address = address.replace("A", "Q"); 
//ioName  = ioName.replace("E", "I");
//ioName  = ioName.replace("A", "Q");

if (comment.toLowerCase().includes("scorta") || comment.startsWith(" "))
{
    ioName = address.replace(".", "_") + "_" + "SCORTA";
}
============================================= ^^^^^ 02/05/2024 11:26:13 364[ms] ^^^^^ =============================================
JS Script executed for IOGenerationExcelImportForm
Average[ms]: 0,141993455497382, Deviation[ms]: 2,69298748836612, Min[ms]: 0,0036, Max[ms]: 52,707, Executions: 382
Script:
$A != ""
============================================= ^^^^^ 02/05/2024 11:30:03 103[ms] ^^^^^ =============================================
JS Script executed for IOData
Average[ms]: 11,0685290441176, Deviation[ms]: 181,759209338241, Min[ms]: 0,0171, Max[ms]: 3003,2024, Executions: 272
Script:
address = address.replace("E", "I"); 
address = address.replace("A", "Q"); 
//ioName  = ioName.replace("E", "I");
//ioName  = ioName.replace("A", "Q");

if (comment.toLowerCase().includes("scorta") || comment.startsWith(" "))
{
    ioName = address.replace(".", "_") + "_" + "SCORTA";
}
============================================= ^^^^^ 02/05/2024 11:40:48 176[ms] ^^^^^ =============================================
JS Script executed for IOData
Average[ms]: 0,0256974264705882, Deviation[ms]: 0,110821479525674, Min[ms]: 0,0137, Max[ms]: 1,428, Executions: 272
Script:
address = address.replace("E", "I"); 
address = address.replace("A", "Q"); 
//ioName  = ioName.replace("E", "I");
//ioName  = ioName.replace("A", "Q");

if (comment.toLowerCase().includes("scorta") || comment.startsWith(" "))
{
    ioName = address.replace(".", "_") + "_" + "SCORTA";
}
============================================= ^^^^^ 02/05/2024 13:05:20 922[ms] ^^^^^ =============================================
JS Script executed for IOGenerationExcelImportForm
Average[ms]: 0,330825916230366, Deviation[ms]: 6,3777999476287, Min[ms]: 0,0033, Max[ms]: 124,8205, Executions: 382
Script:
$A != ""
============================================= ^^^^^ 03/05/2024 16:00:48 827[ms] ^^^^^ =============================================
JS Script executed for IOData
Average[ms]: 0,213116544117647, Deviation[ms]: 3,28140775325856, Min[ms]: 0,0112, Max[ms]: 54,2318, Executions: 272
Script:
address = address.replace("E", "I"); 
address = address.replace("A", "Q"); 
//ioName  = ioName.replace("E", "I");
//ioName  = ioName.replace("A", "Q");
/*
if (comment.toLowerCase().includes("scorta") || comment.startsWith(" "))
{
    ioName = address.replace(".", "_") + "_" + "SCORTA";
}*/
============================================= ^^^^^ 03/05/2024 16:02:08 590[ms] ^^^^^ =============================================
JS Script executed for IOData
Average[ms]: 0,0520183823529412, Deviation[ms]: 0,507937161279963, Min[ms]: 0,014, Max[ms]: 8,3597, Executions: 272
Script:
address = address.replace("E", "I"); 
address = address.replace("A", "Q"); 
//ioName  = ioName.replace("E", "I");
//ioName  = ioName.replace("A", "Q");

if (comment.toLowerCase().includes("scorta") || comment.startsWith(" "))
{
    ioName = address.replace(".", "_") + "_" + "SCORTA";
}
============================================= ^^^^^ 03/05/2024 16:03:33 306[ms] ^^^^^ =============================================
JS Script executed for IOData
Average[ms]: 0,0397378676470588, Deviation[ms]: 0,153142957530019, Min[ms]: 0,0141, Max[ms]: 2,5371, Executions: 272
Script:
address = address.replace("E", "I"); 
address = address.replace("A", "Q"); 
//ioName  = ioName.replace("E", "I");
//ioName  = ioName.replace("A", "Q");

if (comment.toLowerCase().includes("scorta") || comment.startsWith(" "))
{
    ioName = address.replace(".", "_") + "_SCORTA";
}
============================================= ^^^^^ 03/05/2024 16:04:03 379[ms] ^^^^^ =============================================
JS Script executed for IOData
Average[ms]: 0, Deviation[ms]: 0, Min[ms]: 0, Max[ms]: 0, Executions: 0
Script:
address = address.replace("E", "I"); 
address = address.replace("A", "Q"); 
//ioName  = ioName.replace("E", "I");
//ioName  = ioName.replace("A", "Q");

if (comment.toLowerCase().includes("scorta") || comment.startsWith(" "))
{
    ioName = address.replace(".", "_") + "_SCORTA";
}
============================================= ^^^^^ 07/05/2024 11:33:28 023[ms] ^^^^^ =============================================
JS Script executed for IOData
Average[ms]: 87,803, Deviation[ms]: 0, Min[ms]: 87,803, Max[ms]: 87,803, Executions: 1
Script:
address = address.replace("E", "I"); 
address = address.replace("A", "Q"); 
//ioName  = ioName.replace("E", "I");
//ioName  = ioName.replace("A", "Q");
ioName = "" + suggestionArray.length;
if (comment.toLowerCase().includes("scorta") || comment.startsWith(" "))
{
    ioName = address.replace(".", "_") + "_SCORTA";
}
============================================= ^^^^^ 07/05/2024 11:37:10 984[ms] ^^^^^ =============================================
JS Script executed for IOData
Average[ms]: 0,340845588235294, Deviation[ms]: 5,18240912394243, Min[ms]: 0,0147, Max[ms]: 85,6201, Executions: 272
Script:
address = address.replace("E", "I"); 
address = address.replace("A", "Q"); 
//ioName  = ioName.replace("E", "I");
//ioName  = ioName.replace("A", "Q");
variable = "" + suggestionArray.length;
if (comment.toLowerCase().includes("scorta") || comment.startsWith(" "))
{
    ioName = address.replace(".", "_") + "_SCORTA";
}
============================================= ^^^^^ 07/05/2024 11:40:05 267[ms] ^^^^^ =============================================
JS Script executed for IOData
Average[ms]: 0,147919117647059, Deviation[ms]: 2,10266628490208, Min[ms]: 0,0166, Max[ms]: 34,7567, Executions: 272
Script:
address = address.replace("E", "I"); 
address = address.replace("A", "Q"); 
//ioName  = ioName.replace("E", "I");
//ioName  = ioName.replace("A", "Q");
variable = "" + suggestionArray[0];
if (comment.toLowerCase().includes("scorta") || comment.startsWith(" "))
{
    ioName = address.replace(".", "_") + "_SCORTA";
}
============================================= ^^^^^ 07/05/2024 11:40:31 976[ms] ^^^^^ =============================================
JS Script executed for IOData
Average[ms]: 0,0310610294117647, Deviation[ms]: 0,194255724865596, Min[ms]: 0,0145, Max[ms]: 3,2091, Executions: 272
Script:
address = address.replace("E", "I"); 
address = address.replace("A", "Q"); 
//ioName  = ioName.replace("E", "I");
//ioName  = ioName.replace("A", "Q");
variable = "" + suggestionArray[0];
if (comment.toLowerCase().includes("scorta") || comment.startsWith(" "))
{
    ioName = address.replace(".", "_") + "_SCORTA";
}
============================================= ^^^^^ 07/05/2024 11:41:13 717[ms] ^^^^^ =============================================
JS Script executed for IOData
Average[ms]: 2,93117083333333, Deviation[ms]: 13,9617410517241, Min[ms]: 0,0141, Max[ms]: 69,8893, Executions: 24
Script:
address = address.replace("E", "I"); 
address = address.replace("A", "Q"); 
//ioName  = ioName.replace("E", "I");
//ioName  = ioName.replace("A", "Q");
variable = "" + suggestions[row];
if (comment.toLowerCase().includes("scorta") || comment.startsWith(" "))
{
    ioName = address.replace(".", "_") + "_SCORTA";
}
============================================= ^^^^^ 07/05/2024 11:52:20 600[ms] ^^^^^ =============================================
JS Script executed for IOData
Average[ms]: 0,0334625, Deviation[ms]: 0,0230420595958058, Min[ms]: 0,0143, Max[ms]: 0,1285, Executions: 24
Script:
address = address.replace("E", "I"); 
address = address.replace("A", "Q"); 
//ioName  = ioName.replace("E", "I");
//ioName  = ioName.replace("A", "Q");
variable = "" + suggestions[row];
if (comment.toLowerCase().includes("scorta") || comment.startsWith(" "))
{
    ioName = address.replace(".", "_") + "_SCORTA";
}
============================================= ^^^^^ 07/05/2024 11:52:26 202[ms] ^^^^^ =============================================
JS Script executed for IOData
Average[ms]: 0,0171708333333333, Deviation[ms]: 0,0111425041757029, Min[ms]: 0,0139, Max[ms]: 0,0704, Executions: 24
Script:
address = address.replace("E", "I"); 
address = address.replace("A", "Q"); 
//ioName  = ioName.replace("E", "I");
//ioName  = ioName.replace("A", "Q");
variable = "" + suggestions[row];
if (comment.toLowerCase().includes("scorta") || comment.startsWith(" "))
{
    ioName = address.replace(".", "_") + "_SCORTA";
}
============================================= ^^^^^ 07/05/2024 11:52:26 814[ms] ^^^^^ =============================================
JS Script executed for IOData
Average[ms]: 0,0168625, Deviation[ms]: 0,0103574374444969, Min[ms]: 0,0139, Max[ms]: 0,0664, Executions: 24
Script:
address = address.replace("E", "I"); 
address = address.replace("A", "Q"); 
//ioName  = ioName.replace("E", "I");
//ioName  = ioName.replace("A", "Q");
variable = "" + suggestions[row];
if (comment.toLowerCase().includes("scorta") || comment.startsWith(" "))
{
    ioName = address.replace(".", "_") + "_SCORTA";
}
============================================= ^^^^^ 07/05/2024 11:52:27 227[ms] ^^^^^ =============================================
JS Script executed for IOData
Average[ms]: 0,0174166666666667, Deviation[ms]: 0,0132861979345317, Min[ms]: 0,0138, Max[ms]: 0,081, Executions: 24
Script:
address = address.replace("E", "I"); 
address = address.replace("A", "Q"); 
//ioName  = ioName.replace("E", "I");
//ioName  = ioName.replace("A", "Q");
variable = "" + suggestions[row];
if (comment.toLowerCase().includes("scorta") || comment.startsWith(" "))
{
    ioName = address.replace(".", "_") + "_SCORTA";
}
============================================= ^^^^^ 07/05/2024 12:08:33 259[ms] ^^^^^ =============================================
JS Script executed for IOData Avg[ms]:0, Dev[ms]:0, Min[ms]:0, Max[ms]:0, Count:0
address = address.replace("E", "I"); 
address = address.replace("A", "Q"); 
//ioName  = ioName.replace("E", "I");
//ioName  = ioName.replace("A", "Q");
variable = "" + suggestions[row];
if (comment.toLowerCase().includes("scorta") || comment.startsWith(" "))
{
    ioName = address.replace(".", "_") + "_SCORTA";
}
============================================= ^^^^^ 07/05/2024 13:36:46 011[ms] ^^^^^ =============================================
JS executed for IOSuggestion. Avg[ms]:0, Dev[ms]:0, Min[ms]:0, Max[ms]:0, Count:0
var x = row;
============================================= ^^^^^ 07/05/2024 13:37:35 186[ms] ^^^^^ =============================================
JS executed for IOGenerationExcelImportForm. Avg[ms]:0,269816371681415, Dev[ms]:5,6502823970226, Min[ms]:0,0031, Max[ms]:120,2635, Count:452
$A != ""
============================================= ^^^^^ 08/05/2024 09:14:06 548[ms] ^^^^^ =============================================
JS executed for IOGenerationExcelImportForm. Avg[ms]:0,00520508849557523, Dev[ms]:0,00483445375753678, Min[ms]:0,0031, Max[ms]:0,0309, Count:452
$A != ""
============================================= ^^^^^ 08/05/2024 09:14:27 773[ms] ^^^^^ =============================================
JS executed for IOData. Avg[ms]:0,189595723684211, Dev[ms]:3,02756021431951, Min[ms]:0,0142, Max[ms]:52,89, Count:304
address = address.replace("E", "I"); 
address = address.replace("A", "Q"); 
//ioName  = ioName.replace("E", "I");
//ioName  = ioName.replace("A", "Q");

if (comment.toLowerCase().includes("scorta") || comment.startsWith(" "))
{
    ioName = address.replace(".", "_") + "_SCORTA";
}
============================================= ^^^^^ 08/05/2024 09:15:02 354[ms] ^^^^^ =============================================
JS executed for IOData. Avg[ms]:23,359675, Dev[ms]:40,1200877225097, Min[ms]:0,1827, Max[ms]:92,8497, Count:4
address = address.replace("E", "I"); 
address = address.replace("A", "Q"); 
//ioName  = ioName.replace("E", "I");
//ioName  = ioName.replace("A", "Q");

if (comment.toLowerCase().includes("scorta") || comment.startsWith(" "))
{
    ioName = address.replace(".", "_") + "_SCORTA";
}

log(address);
============================================= ^^^^^ 10/05/2024 11:17:22 627[ms] ^^^^^ =============================================
JS executed for IOData. Avg[ms]:1435,6962, Dev[ms]:678,631655019868, Min[ms]:576,5443, Max[ms]:2448,1548, Count:4
address = address.replace("E", "I"); 
address = address.replace("A", "Q"); 
//ioName  = ioName.replace("E", "I");
//ioName  = ioName.replace("A", "Q");

if (comment.toLowerCase().includes("scorta") || comment.startsWith(" "))
{
    ioName = address.replace(".", "_") + "_SCORTA";
}

log(address);
============================================= ^^^^^ 10/05/2024 11:17:46 099[ms] ^^^^^ =============================================
JS executed for IOData. Avg[ms]:17,74758, Dev[ms]:35,0777631295041, Min[ms]:0,1957, Max[ms]:87,9031, Count:5
address = address.replace("E", "I"); 
address = address.replace("A", "Q"); 
//ioName  = ioName.replace("E", "I");
//ioName  = ioName.replace("A", "Q");

if (comment.toLowerCase().includes("scorta") || comment.startsWith(" "))
{
    ioName = address.replace(".", "_") + "_SCORTA";
}

log(address);
============================================= ^^^^^ 10/05/2024 11:18:15 075[ms] ^^^^^ =============================================
JS executed for IOData. Avg[ms]:16,3581, Dev[ms]:32,4157044503432, Min[ms]:0,1362, Max[ms]:81,1895, Count:5
address = address.replace("E", "I"); 
address = address.replace("A", "Q"); 
//ioName  = ioName.replace("E", "I");
//ioName  = ioName.replace("A", "Q");

if (comment.toLowerCase().includes("scorta") || comment.startsWith(" "))
{
    ioName = address.replace(".", "_") + "_SCORTA";
}

log(address);
============================================= ^^^^^ 10/05/2024 11:20:03 462[ms] ^^^^^ =============================================
JS executed for IOData. Avg[ms]:11,4013625, Dev[ms]:29,7727323979903, Min[ms]:0,1366, Max[ms]:90,1726, Count:8
address = address.replace("E", "I"); 
address = address.replace("A", "Q"); 
//ioName  = ioName.replace("E", "I");
//ioName  = ioName.replace("A", "Q");

if (comment.toLowerCase().includes("scorta") || comment.startsWith(" "))
{
    ioName = address.replace(".", "_") + "_SCORTA";
}

log(address);
============================================= ^^^^^ 10/05/2024 11:20:26 676[ms] ^^^^^ =============================================
JS executed for IOData. Avg[ms]:0,1752375, Dev[ms]:0,0504161912856376, Min[ms]:0,1445, Max[ms]:0,3017, Count:8
address = address.replace("E", "I"); 
address = address.replace("A", "Q"); 
//ioName  = ioName.replace("E", "I");
//ioName  = ioName.replace("A", "Q");

if (comment.toLowerCase().includes("scorta") || comment.startsWith(" "))
{
    ioName = address.replace(".", "_") + "_SCORTA";
}

log(address);
============================================= ^^^^^ 10/05/2024 11:20:29 466[ms] ^^^^^ =============================================
JS executed for IOData. Avg[ms]:13,0969285714286, Dev[ms]:30,1445869506907, Min[ms]:0,3805, Max[ms]:86,9308, Count:7
address = address.replace("E", "I"); 
address = address.replace("A", "Q"); 
//ioName  = ioName.replace("E", "I");
//ioName  = ioName.replace("A", "Q");

if (comment.toLowerCase().includes("scorta") || comment.startsWith(" "))
{
    ioName = address.replace(".", "_") + "_SCORTA";
}

log(address);
============================================= ^^^^^ 10/05/2024 11:21:24 840[ms] ^^^^^ =============================================
JS executed for IOData. Avg[ms]:0,376, Dev[ms]:0,0652234620362949, Min[ms]:0,3434, Max[ms]:0,5356, Count:7
address = address.replace("E", "I"); 
address = address.replace("A", "Q"); 
//ioName  = ioName.replace("E", "I");
//ioName  = ioName.replace("A", "Q");

if (comment.toLowerCase().includes("scorta") || comment.startsWith(" "))
{
    ioName = address.replace(".", "_") + "_SCORTA";
}

log(address);
============================================= ^^^^^ 10/05/2024 11:21:25 422[ms] ^^^^^ =============================================
JS executed for IOData. Avg[ms]:0,437185714285714, Dev[ms]:0,081873167217374, Min[ms]:0,3495, Max[ms]:0,5528, Count:7
address = address.replace("E", "I"); 
address = address.replace("A", "Q"); 
//ioName  = ioName.replace("E", "I");
//ioName  = ioName.replace("A", "Q");

if (comment.toLowerCase().includes("scorta") || comment.startsWith(" "))
{
    ioName = address.replace(".", "_") + "_SCORTA";
}

log(address);
============================================= ^^^^^ 10/05/2024 11:21:30 848[ms] ^^^^^ =============================================
JS executed for IOData. Avg[ms]:13,1999857142857, Dev[ms]:30,16686681943, Min[ms]:0,427, Max[ms]:87,0894, Count:7
address = address.replace("E", "I"); 
address = address.replace("A", "Q"); 
//ioName  = ioName.replace("E", "I");
//ioName  = ioName.replace("A", "Q");

if (comment.toLowerCase().includes("scorta") || comment.startsWith(" "))
{
    ioName = address.replace(".", "_") + "_SCORTA";
}

log(address);
============================================= ^^^^^ 10/05/2024 11:22:29 465[ms] ^^^^^ =============================================
JS executed for IOData. Avg[ms]:0,667714285714286, Dev[ms]:0,366467618637997, Min[ms]:0,4109, Max[ms]:1,2523, Count:7
address = address.replace("E", "I"); 
address = address.replace("A", "Q"); 
//ioName  = ioName.replace("E", "I");
//ioName  = ioName.replace("A", "Q");

if (comment.toLowerCase().includes("scorta") || comment.startsWith(" "))
{
    ioName = address.replace(".", "_") + "_SCORTA";
}

log(address);
============================================= ^^^^^ 10/05/2024 11:22:34 088[ms] ^^^^^ =============================================
JS executed for IOData. Avg[ms]:8,35394545454546, Dev[ms]:24,0107340334338, Min[ms]:0,4091, Max[ms]:84,2725, Count:11
address = address.replace("E", "I"); 
address = address.replace("A", "Q"); 
//ioName  = ioName.replace("E", "I");
//ioName  = ioName.replace("A", "Q");

if (comment.toLowerCase().includes("scorta") || comment.startsWith(" "))
{
    ioName = address.replace(".", "_") + "_SCORTA";
}

log(address);
============================================= ^^^^^ 10/05/2024 11:23:10 734[ms] ^^^^^ =============================================
JS executed for IOData. Avg[ms]:0, Dev[ms]:0, Min[ms]:0, Max[ms]:0, Count:0
address = address.replace("E", "I"); 
address = address.replace("A", "Q"); 
//ioName  = ioName.replace("E", "I");
//ioName  = ioName.replace("A", "Q");

if (comment.toLowerCase().includes("scorta") || comment.startsWith(" "))
{
    ioName = address.replace(".", "_") + "_SCORTA";
}

log(address);
============================================= ^^^^^ 10/05/2024 11:27:11 777[ms] ^^^^^ =============================================
JS executed for IOData. Avg[ms]:9,85702, Dev[ms]:26,7369657901864, Min[ms]:0,3541, Max[ms]:90,0265, Count:10
address = address.replace("E", "I"); 
address = address.replace("A", "Q"); 
//ioName  = ioName.replace("E", "I");
//ioName  = ioName.replace("A", "Q");

if (comment.toLowerCase().includes("scorta") || comment.startsWith(" "))
{
    ioName = address.replace(".", "_") + "_SCORTA";
}

log(address + "_" + ioName);
============================================= ^^^^^ 10/05/2024 11:27:34 556[ms] ^^^^^ =============================================
JS executed for IOData. Avg[ms]:0,4863, Dev[ms]:0,0835257086171677, Min[ms]:0,4168, Max[ms]:0,6843, Count:10
address = address.replace("E", "I"); 
address = address.replace("A", "Q"); 
//ioName  = ioName.replace("E", "I");
//ioName  = ioName.replace("A", "Q");

if (comment.toLowerCase().includes("scorta") || comment.startsWith(" "))
{
    ioName = address.replace(".", "_") + "_SCORTA";
}

log(address + "_" + ioName);
============================================= ^^^^^ 10/05/2024 11:28:06 176[ms] ^^^^^ =============================================
JS executed for IOData. Avg[ms]:0,8551, Dev[ms]:0,600157620963027, Min[ms]:0,5055, Max[ms]:2,5914, Count:10
address = address.replace("E", "I"); 
address = address.replace("A", "Q"); 
//ioName  = ioName.replace("E", "I");
//ioName  = ioName.replace("A", "Q");

if (comment.toLowerCase().includes("scorta") || comment.startsWith(" "))
{
    ioName = address.replace(".", "_") + "_SCORTA";
}

log("Row[" + row + "]. Add=" + address + ", IOName=" + ioName + ", Variable=" + variable);
============================================= ^^^^^ 10/05/2024 11:29:41 374[ms] ^^^^^ =============================================
JS executed for IOData. Avg[ms]:6,20806, Dev[ms]:16,2153984098572, Min[ms]:0,6911, Max[ms]:54,8532, Count:10
address = address.replace("E", "I"); 
address = address.replace("A", "Q"); 
//ioName  = ioName.replace("E", "I");
//ioName  = ioName.replace("A", "Q");

if (comment.toLowerCase().includes("scorta") || comment.startsWith(" "))
{
    ioName = address.replace(".", "_") + "_SCORTA";
}

log("Row[" + row + "]. Suggestions=" + JSON.stringify(suggestions));
============================================= ^^^^^ 10/05/2024 11:31:23 327[ms] ^^^^^ =============================================
JS executed for IOData. Avg[ms]:1,64106, Dev[ms]:0,301846620653603, Min[ms]:1,1696, Max[ms]:2,184, Count:10
address = address.replace("E", "I"); 
address = address.replace("A", "Q"); 
//ioName  = ioName.replace("E", "I");
//ioName  = ioName.replace("A", "Q");

if (comment.toLowerCase().includes("scorta") || comment.startsWith(" "))
{
    ioName = address.replace(".", "_") + "_SCORTA";
}

log("Row[" + row + "]. Suggestions=" + JSON.stringify(suggestions));
============================================= ^^^^^ 10/05/2024 11:31:36 888[ms] ^^^^^ =============================================
JS executed for IOData. Avg[ms]:134,3118, Dev[ms]:0, Min[ms]:134,3118, Max[ms]:134,3118, Count:1
address = address.replace("E", "I"); 
address = address.replace("A", "Q"); 
//ioName  = ioName.replace("E", "I");
//ioName  = ioName.replace("A", "Q");

if (comment.toLowerCase().includes("scorta") || comment.startsWith(" "))
{
    ioName = address.replace(".", "_") + "_SCORTA";
}

log("Row[" + row + "]. Suggestions=" + JSON.stringify(suggestions));
============================================= ^^^^^ 10/05/2024 14:47:03 065[ms] ^^^^^ =============================================
JS executed for IOData. Avg[ms]:4,3855, Dev[ms]:0, Min[ms]:4,3855, Max[ms]:4,3855, Count:1
address = address.replace("E", "I"); 
address = address.replace("A", "Q"); 
//ioName  = ioName.replace("E", "I");
//ioName  = ioName.replace("A", "Q");

if (comment.toLowerCase().includes("scorta") || comment.startsWith(" "))
{
    ioName = address.replace(".", "_") + "_SCORTA";
}

log("Row[" + row + "]. Suggestions=" + JSON.stringify(suggestions));
============================================= ^^^^^ 10/05/2024 14:47:07 635[ms] ^^^^^ =============================================
JS executed for IOData. Avg[ms]:1,4144, Dev[ms]:0, Min[ms]:1,4144, Max[ms]:1,4144, Count:1
address = address.replace("E", "I"); 
address = address.replace("A", "Q"); 
//ioName  = ioName.replace("E", "I");
//ioName  = ioName.replace("A", "Q");

if (comment.toLowerCase().includes("scorta") || comment.startsWith(" "))
{
    ioName = address.replace(".", "_") + "_SCORTA";
}

log("Row[" + row + "]. Suggestions=" + JSON.stringify(suggestions));
============================================= ^^^^^ 10/05/2024 14:47:10 196[ms] ^^^^^ =============================================
JS executed for IOData. Avg[ms]:0, Dev[ms]:0, Min[ms]:0, Max[ms]:0, Count:0
address = address.replace("E", "I"); 
address = address.replace("A", "Q"); 
//ioName  = ioName.replace("E", "I");
//ioName  = ioName.replace("A", "Q");

if (comment.toLowerCase().includes("scorta") || comment.startsWith(" "))
{
    ioName = address.replace(".", "_") + "_SCORTA";
}

log("Row[" + row + "]. Suggestions=" + JSON.stringify(suggestions));
============================================= ^^^^^ 10/05/2024 15:20:51 563[ms] ^^^^^ =============================================
JS executed for IOData. Avg[ms]:0, Dev[ms]:0, Min[ms]:0, Max[ms]:0, Count:0
address = address.replace("E", "I"); 
address = address.replace("A", "Q"); 
//ioName  = ioName.replace("E", "I");
//ioName  = ioName.replace("A", "Q");

if (comment.toLowerCase().includes("scorta") || comment.startsWith(" "))
{
    ioName = address.replace(".", "_") + "_SCORTA";
}

log("Row[" + row + "]. Suggestions=" + JSON.stringify(suggestions));
============================================= ^^^^^ 10/05/2024 15:30:23 749[ms] ^^^^^ =============================================
JS executed for IOData. Avg[ms]:0, Dev[ms]:0, Min[ms]:0, Max[ms]:0, Count:0
address = address.replace("E", "I"); 
address = address.replace("A", "Q"); 
//ioName  = ioName.replace("E", "I");
//ioName  = ioName.replace("A", "Q");

if (comment.toLowerCase().includes("scorta") || comment.startsWith(" "))
{
    ioName = address.replace(".", "_") + "_SCORTA";
}

log("Row[" + row + "]. Suggestions=" + JSON.stringify(suggestions));
============================================= ^^^^^ 10/05/2024 15:30:37 370[ms] ^^^^^ =============================================
JS executed for IOData. Avg[ms]:0, Dev[ms]:0, Min[ms]:0, Max[ms]:0, Count:0
address = address.replace("E", "I"); 
address = address.replace("A", "Q"); 
//ioName  = ioName.replace("E", "I");
//ioName  = ioName.replace("A", "Q");

if (comment.toLowerCase().includes("scorta") || comment.startsWith(" "))
{
    ioName = address.replace(".", "_") + "_SCORTA";
}

log("Row[" + row + "]. Suggestions=" + JSON.stringify(suggestions));
============================================= ^^^^^ 10/05/2024 15:31:10 246[ms] ^^^^^ =============================================
JS executed for IOData. Avg[ms]:0, Dev[ms]:0, Min[ms]:0, Max[ms]:0, Count:0
address = address.replace("E", "I"); 
address = address.replace("A", "Q"); 
//ioName  = ioName.replace("E", "I");
//ioName  = ioName.replace("A", "Q");

if (comment.toLowerCase().includes("scorta") || comment.startsWith(" "))
{
    ioName = address.replace(".", "_") + "_SCORTA";
}

log("Row[" + row + "]. Suggestions=" + JSON.stringify(suggestions));
============================================= ^^^^^ 10/05/2024 15:45:01 714[ms] ^^^^^ =============================================
JS executed for IOData. Avg[ms]:0, Dev[ms]:0, Min[ms]:0, Max[ms]:0, Count:0
address = address.replace("E", "I"); 
address = address.replace("A", "Q"); 
//ioName  = ioName.replace("E", "I");
//ioName  = ioName.replace("A", "Q");

if (comment.toLowerCase().includes("scorta") || comment.startsWith(" "))
{
    ioName = address.replace(".", "_") + "_SCORTA";
}

log("Row[" + row + "]. Suggestions=" + JSON.stringify(suggestions));
============================================= ^^^^^ 10/05/2024 15:47:08 614[ms] ^^^^^ =============================================
JS executed for IOData. Avg[ms]:0, Dev[ms]:0, Min[ms]:0, Max[ms]:0, Count:0
address = address.replace("E", "I"); 
address = address.replace("A", "Q"); 
//ioName  = ioName.replace("E", "I");
//ioName  = ioName.replace("A", "Q");

if (comment.toLowerCase().includes("scorta") || comment.startsWith(" "))
{
    ioName = address.replace(".", "_") + "_SCORTA";
}

log("Row[" + row + "]. Suggestions=" + JSON.stringify(suggestions));
============================================= ^^^^^ 10/05/2024 15:48:54 684[ms] ^^^^^ =============================================
JS executed for IOData. Avg[ms]:0, Dev[ms]:0, Min[ms]:0, Max[ms]:0, Count:0
address = address.replace("E", "I"); 
address = address.replace("A", "Q"); 
//ioName  = ioName.replace("E", "I");
//ioName  = ioName.replace("A", "Q");

if (comment.toLowerCase().includes("scorta") || comment.startsWith(" "))
{
    ioName = address.replace(".", "_") + "_SCORTA";
}

log("Row[" + row + "]. Suggestions=" + JSON.stringify(suggestions));
============================================= ^^^^^ 10/05/2024 15:49:59 999[ms] ^^^^^ =============================================
JS executed for IOData. Avg[ms]:0, Dev[ms]:0, Min[ms]:0, Max[ms]:0, Count:0
address = address.replace("E", "I"); 
address = address.replace("A", "Q"); 
//ioName  = ioName.replace("E", "I");
//ioName  = ioName.replace("A", "Q");

if (comment.toLowerCase().includes("scorta") || comment.startsWith(" "))
{
    ioName = address.replace(".", "_") + "_SCORTA";
}

log("Row[" + row + "]. Suggestions=" + JSON.stringify(suggestions));
log(JSON.stringify(this));
============================================= ^^^^^ 10/05/2024 15:57:15 903[ms] ^^^^^ =============================================
JS executed for IOData. Avg[ms]:141,7107, Dev[ms]:0, Min[ms]:141,7107, Max[ms]:141,7107, Count:1
address = address.replace("E", "I"); 
address = address.replace("A", "Q"); 
//ioName  = ioName.replace("E", "I");
//ioName  = ioName.replace("A", "Q");

if (comment.toLowerCase().includes("scorta") || comment.startsWith(" "))
{
    ioName = address.replace(".", "_") + "_SCORTA";
}

log("Row[" + row + "]. Suggestions=" + JSON.stringify(suggestions));
log(JSON.stringify(this));
============================================= ^^^^^ 10/05/2024 15:57:26 978[ms] ^^^^^ =============================================
JS executed for IOData. Avg[ms]:0, Dev[ms]:0, Min[ms]:0, Max[ms]:0, Count:0
address = address.replace("E", "I"); 
address = address.replace("A", "Q"); 
//ioName  = ioName.replace("E", "I");
//ioName  = ioName.replace("A", "Q");

if (comment.toLowerCase().includes("scorta") || comment.startsWith(" "))
{
    ioName = address.replace(".", "_") + "_SCORTA";
}

log("Row[" + row + "]. Suggestions=" + JSON.stringify(suggestions));
log(JSON.stringify(this));
============================================= ^^^^^ 10/05/2024 16:12:29 789[ms] ^^^^^ =============================================
JS executed for IOData. Avg[ms]:0, Dev[ms]:0, Min[ms]:0, Max[ms]:0, Count:0
address = address.replace("E", "I"); 
address = address.replace("A", "Q"); 
//ioName  = ioName.replace("E", "I");
//ioName  = ioName.replace("A", "Q");

if (comment.toLowerCase().includes("scorta") || comment.startsWith(" "))
{
    ioName = address.replace(".", "_") + "_SCORTA";
}

log("Row[" + row + "]. Suggestions=" + JSON.stringify(suggestions));
log(JSON.stringify(this));
============================================= ^^^^^ 10/05/2024 16:13:21 851[ms] ^^^^^ =============================================
JS executed for IOData. Avg[ms]:41,0877, Dev[ms]:0, Min[ms]:41,0877, Max[ms]:41,0877, Count:1
address = address.replace("E", "I"); 
address = address.replace("A", "Q"); 
//ioName  = ioName.replace("E", "I");
//ioName  = ioName.replace("A", "Q");

if (comment.toLowerCase().includes("scorta") || comment.startsWith(" "))
{
    ioName = address.replace(".", "_") + "_SCORTA";
}

log("Row[" + row + "]. Suggestions=" + JSON.stringify(suggestions));
log(JSON.stringify(this));
============================================= ^^^^^ 10/05/2024 16:13:28 984[ms] ^^^^^ =============================================
JS executed for IOData. Avg[ms]:141,6963, Dev[ms]:0, Min[ms]:141,6963, Max[ms]:141,6963, Count:1
address = address.replace("E", "I"); 
address = address.replace("A", "Q"); 
//ioName  = ioName.replace("E", "I");
//ioName  = ioName.replace("A", "Q");

if (comment.toLowerCase().includes("scorta") || comment.startsWith(" "))
{
    ioName = address.replace(".", "_") + "_SCORTA";
}

log("Row[" + row + "]. Suggestions=" + JSON.stringify(suggestions));
log(JSON.stringify(this));
============================================= ^^^^^ 10/05/2024 16:20:02 721[ms] ^^^^^ =============================================
JS executed for IOData. Avg[ms]:1,6603, Dev[ms]:0, Min[ms]:1,6603, Max[ms]:1,6603, Count:1
address = address.replace("E", "I"); 
address = address.replace("A", "Q"); 
//ioName  = ioName.replace("E", "I");
//ioName  = ioName.replace("A", "Q");

if (comment.toLowerCase().includes("scorta") || comment.startsWith(" "))
{
    ioName = address.replace(".", "_") + "_SCORTA";
}

log("Row[" + row + "]. Suggestions=" + JSON.stringify(suggestions));
log(JSON.stringify(this));
============================================= ^^^^^ 10/05/2024 16:20:02 911[ms] ^^^^^ =============================================
